2025-06-23 09:11:13 INFO  c.l.backend.BackendApplication - Starting BackendApplication using Java 17.0.12 with PID 26748 (E:\Project data\love-cube-project\backend\target\classes started by 123 in E:\Project data\love-cube-project\backend)
2025-06-23 09:11:13 INFO  c.l.backend.BackendApplication - The following 1 profile is active: "dev"
2025-06-23 09:11:13 WARN  o.m.s.mapper.ClassPathMapperScanner - No MyBatis mapper was found in '[com.lovecube.backend]' package. Please check your configuration.
2025-06-23 09:11:15 WARN  org.hibernate.orm.deprecation - HHH90000025: MySQLDialect does not need to be specified explicitly using 'hibernate.dialect' (remove the property setting and it will be selected by default)
2025-06-23 09:11:17 WARN  o.s.b.a.o.j.JpaBaseConfiguration$JpaWebConfiguration - spring.jpa.open-in-view is enabled by default. Therefore, database queries may be performed during view rendering. Explicitly configure spring.jpa.open-in-view to disable this warning
2025-06-23 09:11:18 INFO  c.l.backend.BackendApplication - Started BackendApplication in 5.679 seconds (process running for 6.209)
2025-06-23 09:11:25 WARN  o.h.e.jdbc.spi.SqlExceptionHelper - SQL Error: 1054, SQLState: 42S22
2025-06-23 09:11:25 ERROR o.h.e.jdbc.spi.SqlExceptionHelper - Unknown column 'u1_0.height' in 'field list'
2025-06-23 09:19:09 INFO  c.l.backend.BackendApplication - Starting BackendApplication using Java 17.0.12 with PID 27128 (E:\Project data\love-cube-project\backend\target\classes started by 123 in E:\Project data\love-cube-project\backend)
2025-06-23 09:19:09 INFO  c.l.backend.BackendApplication - The following 1 profile is active: "dev"
2025-06-23 09:19:10 WARN  o.m.s.mapper.ClassPathMapperScanner - No MyBatis mapper was found in '[com.lovecube.backend]' package. Please check your configuration.
2025-06-23 09:19:12 WARN  org.hibernate.orm.deprecation - HHH90000025: MySQLDialect does not need to be specified explicitly using 'hibernate.dialect' (remove the property setting and it will be selected by default)
2025-06-23 09:19:14 WARN  o.s.b.a.o.j.JpaBaseConfiguration$JpaWebConfiguration - spring.jpa.open-in-view is enabled by default. Therefore, database queries may be performed during view rendering. Explicitly configure spring.jpa.open-in-view to disable this warning
2025-06-23 09:19:15 INFO  c.l.backend.BackendApplication - Started BackendApplication in 6.754 seconds (process running for 7.352)
2025-06-23 09:19:48 INFO  c.l.b.controllers.MatchController - 获取全部用户列表 - gender: null
2025-06-23 09:19:48 INFO  c.l.b.controllers.MatchController - 获取全部用户列表 - gender: null
2025-06-23 09:19:51 WARN  o.h.e.jdbc.spi.SqlExceptionHelper - SQL Error: 1054, SQLState: 42S22
2025-06-23 09:19:51 ERROR o.h.e.jdbc.spi.SqlExceptionHelper - Unknown column 'cm1_0.message_type' in 'where clause'
2025-06-23 09:19:51 WARN  o.h.e.jdbc.spi.SqlExceptionHelper - SQL Error: 1054, SQLState: 42S22
2025-06-23 09:19:51 ERROR o.h.e.jdbc.spi.SqlExceptionHelper - Unknown column 'cm1_0.created_at' in 'field list'
2025-06-23 09:20:04 WARN  o.h.e.jdbc.spi.SqlExceptionHelper - SQL Error: 1054, SQLState: 42S22
2025-06-23 09:20:04 ERROR o.h.e.jdbc.spi.SqlExceptionHelper - Unknown column 'cm1_0.message_type' in 'where clause'
2025-06-23 09:23:30 INFO  c.l.backend.BackendApplication - Starting BackendApplication using Java 17.0.12 with PID 21592 (E:\Project data\love-cube-project\backend\target\classes started by 123 in E:\Project data\love-cube-project\backend)
2025-06-23 09:23:30 INFO  c.l.backend.BackendApplication - The following 1 profile is active: "dev"
2025-06-23 09:23:31 WARN  o.m.s.mapper.ClassPathMapperScanner - No MyBatis mapper was found in '[com.lovecube.backend]' package. Please check your configuration.
2025-06-23 09:23:32 WARN  org.hibernate.orm.deprecation - HHH90000025: MySQLDialect does not need to be specified explicitly using 'hibernate.dialect' (remove the property setting and it will be selected by default)
2025-06-23 09:23:34 WARN  o.s.b.a.o.j.JpaBaseConfiguration$JpaWebConfiguration - spring.jpa.open-in-view is enabled by default. Therefore, database queries may be performed during view rendering. Explicitly configure spring.jpa.open-in-view to disable this warning
2025-06-23 09:23:35 INFO  c.l.backend.BackendApplication - Started BackendApplication in 4.816 seconds (process running for 5.282)
2025-06-23 09:24:05 INFO  c.l.b.controllers.MatchController - 获取全部用户列表 - gender: null
2025-06-23 09:24:05 INFO  c.l.b.controllers.MatchController - 获取全部用户列表 - gender: null
2025-06-23 09:24:08 WARN  o.h.e.jdbc.spi.SqlExceptionHelper - SQL Error: 1054, SQLState: 42S22
2025-06-23 09:24:08 WARN  o.h.e.jdbc.spi.SqlExceptionHelper - SQL Error: 1054, SQLState: 42S22
2025-06-23 09:24:08 ERROR o.h.e.jdbc.spi.SqlExceptionHelper - Unknown column 'cm1_0.message_type' in 'where clause'
2025-06-23 09:24:08 ERROR o.h.e.jdbc.spi.SqlExceptionHelper - Unknown column 'cm1_0.created_at' in 'field list'
2025-06-23 09:25:00 WARN  o.h.e.jdbc.spi.SqlExceptionHelper - SQL Error: 1054, SQLState: 42S22
2025-06-23 09:25:00 ERROR o.h.e.jdbc.spi.SqlExceptionHelper - Unknown column 'cm1_0.message_type' in 'where clause'
2025-06-23 09:25:05 WARN  o.h.e.jdbc.spi.SqlExceptionHelper - SQL Error: 1054, SQLState: 42S22
2025-06-23 09:25:05 ERROR o.h.e.jdbc.spi.SqlExceptionHelper - Unknown column 'cm1_0.message_type' in 'where clause'
2025-06-23 09:25:12 WARN  o.h.e.jdbc.spi.SqlExceptionHelper - SQL Error: 1054, SQLState: 42S22
2025-06-23 09:25:12 ERROR o.h.e.jdbc.spi.SqlExceptionHelper - Unknown column 'cm1_0.created_at' in 'field list'
2025-06-23 09:27:39 INFO  c.l.backend.BackendApplication - Starting BackendApplication using Java 17.0.12 with PID 11448 (E:\Project data\love-cube-project\backend\target\classes started by 123 in E:\Project data\love-cube-project\backend)
2025-06-23 09:27:39 INFO  c.l.backend.BackendApplication - The following 1 profile is active: "dev"
2025-06-23 09:27:40 WARN  o.m.s.mapper.ClassPathMapperScanner - No MyBatis mapper was found in '[com.lovecube.backend]' package. Please check your configuration.
2025-06-23 09:27:41 WARN  org.hibernate.orm.deprecation - HHH90000025: MySQLDialect does not need to be specified explicitly using 'hibernate.dialect' (remove the property setting and it will be selected by default)
2025-06-23 09:27:44 WARN  o.s.b.a.o.j.JpaBaseConfiguration$JpaWebConfiguration - spring.jpa.open-in-view is enabled by default. Therefore, database queries may be performed during view rendering. Explicitly configure spring.jpa.open-in-view to disable this warning
2025-06-23 09:27:45 INFO  c.l.backend.BackendApplication - Started BackendApplication in 6.365 seconds (process running for 7.03)
2025-06-23 09:28:07 INFO  c.l.b.controllers.MatchController - 获取全部用户列表 - gender: null
2025-06-23 09:28:07 INFO  c.l.b.controllers.MatchController - 获取全部用户列表 - gender: null
2025-06-23 09:35:53 INFO  c.l.backend.BackendApplication - Starting BackendApplication using Java 17.0.12 with PID 27148 (E:\Project data\love-cube-project\backend\target\classes started by 123 in E:\Project data\love-cube-project\backend)
2025-06-23 09:35:53 INFO  c.l.backend.BackendApplication - The following 1 profile is active: "dev"
2025-06-23 09:35:54 WARN  o.m.s.mapper.ClassPathMapperScanner - No MyBatis mapper was found in '[com.lovecube.backend]' package. Please check your configuration.
2025-06-23 09:35:55 WARN  org.hibernate.orm.deprecation - HHH90000025: MySQLDialect does not need to be specified explicitly using 'hibernate.dialect' (remove the property setting and it will be selected by default)
2025-06-23 09:35:58 WARN  o.s.b.a.o.j.JpaBaseConfiguration$JpaWebConfiguration - spring.jpa.open-in-view is enabled by default. Therefore, database queries may be performed during view rendering. Explicitly configure spring.jpa.open-in-view to disable this warning
2025-06-23 09:35:58 INFO  c.l.backend.BackendApplication - Started BackendApplication in 6.036 seconds (process running for 6.636)
2026-04-24 19:42:03 INFO  c.l.backend.BackendApplication - Starting BackendApplication using Java 17.0.11 with PID 37720 (D:\00-ProjecData\00-person\Love-Cube\backend\target\classes started by Admin in D:\00-ProjecData\00-person\Love-Cube\backend)
2026-04-24 19:42:03 INFO  c.l.backend.BackendApplication - The following 1 profile is active: "dev"
2026-04-24 19:42:04 WARN  o.m.s.mapper.ClassPathMapperScanner - No MyBatis mapper was found in '[com.lovecube.backend]' package. Please check your configuration.
2026-04-24 19:42:07 WARN  org.hibernate.orm.deprecation - HHH90000025: MySQLDialect does not need to be specified explicitly using 'hibernate.dialect' (remove the property setting and it will be selected by default)
2026-04-24 19:42:11 WARN  o.s.b.a.o.j.JpaBaseConfiguration$JpaWebConfiguration - spring.jpa.open-in-view is enabled by default. Therefore, database queries may be performed during view rendering. Explicitly configure spring.jpa.open-in-view to disable this warning
2026-04-24 19:42:12 INFO  c.l.backend.BackendApplication - Started BackendApplication in 9.397 seconds (process running for 12.76)
2026-04-24 20:06:20 INFO  c.l.backend.BackendApplication - Starting BackendApplication using Java 17.0.11 with PID 24580 (D:\00-ProjecData\00-person\love-cube-web\backend\target\classes started by Admin in D:\00-ProjecData\00-person\love-cube-web\backend)
2026-04-24 20:06:20 INFO  c.l.backend.BackendApplication - The following 1 profile is active: "dev"
2026-04-24 20:06:21 WARN  o.m.s.mapper.ClassPathMapperScanner - No MyBatis mapper was found in '[com.lovecube.backend]' package. Please check your configuration.
2026-04-24 20:06:22 WARN  org.hibernate.orm.deprecation - HHH90000025: MySQLDialect does not need to be specified explicitly using 'hibernate.dialect' (remove the property setting and it will be selected by default)
2026-04-24 20:06:24 WARN  o.s.b.a.o.j.JpaBaseConfiguration$JpaWebConfiguration - spring.jpa.open-in-view is enabled by default. Therefore, database queries may be performed during view rendering. Explicitly configure spring.jpa.open-in-view to disable this warning
2026-04-24 20:06:25 INFO  c.l.backend.BackendApplication - Started BackendApplication in 5.075 seconds (process running for 5.635)
2026-04-24 20:18:49 WARN  o.h.e.jdbc.spi.SqlExceptionHelper - SQL Error: 1048, SQLState: 23000
2026-04-24 20:18:49 ERROR o.h.e.jdbc.spi.SqlExceptionHelper - Column 'openid' cannot be null
2026-04-24 20:21:16 WARN  o.h.e.jdbc.spi.SqlExceptionHelper - SQL Error: 1048, SQLState: 23000
2026-04-24 20:21:16 ERROR o.h.e.jdbc.spi.SqlExceptionHelper - Column 'openid' cannot be null
2026-04-24 20:21:37 INFO  c.l.backend.BackendApplication - Starting BackendApplication using Java 17.0.11 with PID 35604 (D:\00-ProjecData\00-person\love-cube-web\backend\target\classes started by Admin in D:\00-ProjecData\00-person\love-cube-web\backend)
2026-04-24 20:21:37 INFO  c.l.backend.BackendApplication - The following 1 profile is active: "dev"
2026-04-24 20:21:38 WARN  o.m.s.mapper.ClassPathMapperScanner - No MyBatis mapper was found in '[com.lovecube.backend]' package. Please check your configuration.
2026-04-24 20:21:39 WARN  org.hibernate.orm.deprecation - HHH90000025: MySQLDialect does not need to be specified explicitly using 'hibernate.dialect' (remove the property setting and it will be selected by default)
2026-04-24 20:21:42 WARN  o.s.b.a.o.j.JpaBaseConfiguration$JpaWebConfiguration - spring.jpa.open-in-view is enabled by default. Therefore, database queries may be performed during view rendering. Explicitly configure spring.jpa.open-in-view to disable this warning
2026-04-24 20:21:44 INFO  c.l.backend.BackendApplication - Started BackendApplication in 7.657 seconds (process running for 8.378)
